[2024/09/24 14:47:52.682] - Starting server with initial configuration: {"gasLimit":6721975,"gasPrice":20000000000,"hardfork":"merge","hostname":"0.0.0.0","port":7545,"network_id":5777,"default_balance_ether":100,"total_accounts":10,"unlocked_accounts":[],"locked":false,"vmErrorsOnRPCResponse":true,"verbose":true,"flavor":"ethereum","db_path":"C:\\Users\\user\\AppData\\Roaming\\Ganache\\ui\\workspaces\\idiotic-box\\chaindata","mnemonic":"vocal welcome trumpet gravity enact captain save curious rebuild dragon noble shift","logDirectory":"C:\\Xampp\\htdocs\\gov-identity-Dweb\\admin\\blockchain\\audit logs"}
[2024/09/24 14:47:52.844] -    >  eth_blockNumber: []
[2024/09/24 14:47:52.847] -    >  eth_subscribe: [
   >   "newHeads"
   > ]
[2024/09/24 14:47:52.849] -    >  eth_getLogs: [
   >   {
   >     "fromBlock": null,
   >     "topics": []
   >   }
   > ]
[2024/09/24 14:47:52.849] -    >  eth_subscribe: [
   >   "logs",
   >   {
   >     "topics": []
   >   }
   > ]
[2024/09/24 14:47:52.891] -    >  eth_subscribe: [
   >   "newHeads"
   > ]
[2024/09/24 14:47:52.893] -    >  eth_getLogs: [
   >   {
   >     "fromBlock": null,
   >     "topics": []
   >   }
   > ]
[2024/09/24 14:47:52.894] -    >  eth_subscribe: [
   >   "logs",
   >   {
   >     "topics": []
   >   }
   > ]
[2024/09/24 14:47:53.704] -    >  eth_blockNumber: []
[2024/09/24 14:47:53.705] -    >  eth_accounts: []
[2024/09/24 14:47:53.706] -    >  eth_gasPrice: []
[2024/09/24 14:47:53.706] -    >  eth_getBlockByNumber: [
   >   "latest",
   >   false
   > ]
[2024/09/24 14:47:53.707] -    >  eth_subscribe: [
   >   "newHeads"
   > ]
[2024/09/24 14:47:53.721] -    >  eth_accounts: []
[2024/09/24 14:47:53.747] -    >  eth_getBalance: [
   >   "0x112ad33090237c06ccebee70d64fc5477f58f5d6",
   >   "latest"
   > ]
[2024/09/24 14:47:53.751] -    >  eth_getTransactionCount: [
   >   "0x112ad33090237c06ccebee70d64fc5477f58f5d6",
   >   "latest"
   > ]
[2024/09/24 14:47:53.755] -    >  eth_getBalance: [
   >   "0x85224b5b5a70be4eb495b51aa40d6a779a5c992e",
   >   "latest"
   > ]
[2024/09/24 14:47:53.759] -    >  eth_getTransactionCount: [
   >   "0x85224b5b5a70be4eb495b51aa40d6a779a5c992e",
   >   "latest"
   > ]
[2024/09/24 14:47:53.763] -    >  eth_getBalance: [
   >   "0x2afe4ada182940be5e4c45639f099d82bd29f0bc",
   >   "latest"
   > ]
[2024/09/24 14:47:53.766] -    >  eth_getTransactionCount: [
   >   "0x2afe4ada182940be5e4c45639f099d82bd29f0bc",
   >   "latest"
   > ]
[2024/09/24 14:47:53.771] -    >  eth_getBalance: [
   >   "0x7930739518076868a046d2119aa624f6bac75d3b",
   >   "latest"
   > ]
[2024/09/24 14:47:53.778] -    >  eth_getTransactionCount: [
   >   "0x7930739518076868a046d2119aa624f6bac75d3b",
   >   "latest"
   > ]
[2024/09/24 14:47:53.783] -    >  eth_getBalance: [
   >   "0xd531ebbb1c227d9b6790b462ea2d8a12154c247e",
   >   "latest"
   > ]
[2024/09/24 14:47:53.788] -    >  eth_getTransactionCount: [
   >   "0xd531ebbb1c227d9b6790b462ea2d8a12154c247e",
   >   "latest"
   > ]
[2024/09/24 14:47:53.793] -    >  eth_getBalance: [
   >   "0xabe2392651f4437b576cb29ddc2bda995c486606",
   >   "latest"
   > ]
[2024/09/24 14:47:53.797] -    >  eth_getTransactionCount: [
   >   "0xabe2392651f4437b576cb29ddc2bda995c486606",
   >   "latest"
   > ]
[2024/09/24 14:47:53.800] -    >  eth_getBalance: [
   >   "0x98c0eb70aa98b5a96a6ea7805412dff93d52fe81",
   >   "latest"
   > ]
[2024/09/24 14:47:53.806] -    >  eth_getTransactionCount: [
   >   "0x98c0eb70aa98b5a96a6ea7805412dff93d52fe81",
   >   "latest"
   > ]
[2024/09/24 14:47:53.812] -    >  eth_getBalance: [
   >   "0xd3e78ae406889ab213c28576de4fc1257b521f54",
   >   "latest"
   > ]
[2024/09/24 14:47:53.816] -    >  eth_getTransactionCount: [
   >   "0xd3e78ae406889ab213c28576de4fc1257b521f54",
   >   "latest"
   > ]
[2024/09/24 14:47:53.820] -    >  eth_getBalance: [
   >   "0xcf22655f39ceb65907b025a537871112fdb0863e",
   >   "latest"
   > ]
[2024/09/24 14:47:53.823] -    >  eth_getTransactionCount: [
   >   "0xcf22655f39ceb65907b025a537871112fdb0863e",
   >   "latest"
   > ]
[2024/09/24 14:47:53.827] -    >  eth_getBalance: [
   >   "0xf981f058334b738f3bbe1824a440218c1b36f43f",
   >   "latest"
   > ]
[2024/09/24 14:47:53.831] -    >  eth_getTransactionCount: [
   >   "0xf981f058334b738f3bbe1824a440218c1b36f43f",
   >   "latest"
   > ]
[2024/09/24 14:47:53.844] -    >  eth_blockNumber: []
[2024/09/24 14:47:53.845] -    >  eth_accounts: []
[2024/09/24 14:47:53.846] -    >  eth_gasPrice: []
[2024/09/24 14:47:53.874] -    >  eth_getTransactionCount: [
   >   "0x112ad33090237c06ccebee70d64fc5477f58f5d6",
   >   "latest"
   > ]
[2024/09/24 14:47:53.878] -    >  eth_getBalance: [
   >   "0x85224b5b5a70be4eb495b51aa40d6a779a5c992e",
   >   "latest"
   > ]
[2024/09/24 14:47:53.881] -    >  eth_getTransactionCount: [
   >   "0x85224b5b5a70be4eb495b51aa40d6a779a5c992e",
   >   "latest"
   > ]
[2024/09/24 14:47:53.885] -    >  eth_getBalance: [
   >   "0x2afe4ada182940be5e4c45639f099d82bd29f0bc",
   >   "latest"
   > ]
[2024/09/24 14:47:53.888] -    >  eth_getTransactionCount: [
   >   "0x2afe4ada182940be5e4c45639f099d82bd29f0bc",
   >   "latest"
   > ]
[2024/09/24 14:47:53.893] -    >  eth_getBalance: [
   >   "0x7930739518076868a046d2119aa624f6bac75d3b",
   >   "latest"
   > ]
[2024/09/24 14:47:53.901] -    >  eth_getTransactionCount: [
   >   "0x7930739518076868a046d2119aa624f6bac75d3b",
   >   "latest"
   > ]
[2024/09/24 14:47:53.907] -    >  eth_getBalance: [
   >   "0xd531ebbb1c227d9b6790b462ea2d8a12154c247e",
   >   "latest"
   > ]
[2024/09/24 14:47:53.912] -    >  eth_getTransactionCount: [
   >   "0xd531ebbb1c227d9b6790b462ea2d8a12154c247e",
   >   "latest"
   > ]
[2024/09/24 14:47:53.916] -    >  eth_getBalance: [
   >   "0xabe2392651f4437b576cb29ddc2bda995c486606",
   >   "latest"
   > ]
[2024/09/24 14:47:53.920] -    >  eth_getTransactionCount: [
   >   "0xabe2392651f4437b576cb29ddc2bda995c486606",
   >   "latest"
   > ]
[2024/09/24 14:47:53.923] -    >  eth_getBalance: [
   >   "0x98c0eb70aa98b5a96a6ea7805412dff93d52fe81",
   >   "latest"
   > ]
[2024/09/24 14:47:53.927] -    >  eth_getTransactionCount: [
   >   "0x98c0eb70aa98b5a96a6ea7805412dff93d52fe81",
   >   "latest"
   > ]
[2024/09/24 14:47:53.932] -    >  eth_getBalance: [
   >   "0xd3e78ae406889ab213c28576de4fc1257b521f54",
   >   "latest"
   > ]
[2024/09/24 14:47:53.935] -    >  eth_getTransactionCount: [
   >   "0xd3e78ae406889ab213c28576de4fc1257b521f54",
   >   "latest"
   > ]
[2024/09/24 14:47:53.938] -    >  eth_getBalance: [
   >   "0xcf22655f39ceb65907b025a537871112fdb0863e",
   >   "latest"
   > ]
[2024/09/24 14:47:53.942] -    >  eth_getTransactionCount: [
   >   "0xcf22655f39ceb65907b025a537871112fdb0863e",
   >   "latest"
   > ]
[2024/09/24 14:47:53.945] -    >  eth_getBalance: [
   >   "0xf981f058334b738f3bbe1824a440218c1b36f43f",
   >   "latest"
   > ]
[2024/09/24 14:47:53.952] -    >  eth_getTransactionCount: [
   >   "0xf981f058334b738f3bbe1824a440218c1b36f43f",
   >   "latest"
   > ]
[2024/09/24 14:47:53.963] -    >  eth_getBlockByNumber: [
   >   "latest",
   >   false
   > ]
[2024/09/24 14:47:53.965] -    >  eth_subscribe: [
   >   "newHeads"
   > ]
[2024/09/24 14:47:54.227] -    >  eth_getBalance: [
   >   "0x112ad33090237c06ccebee70d64fc5477f58f5d6",
   >   "latest"
   > ]
[2024/09/24 14:47:54.230] -    >  eth_getTransactionCount: [
   >   "0x112ad33090237c06ccebee70d64fc5477f58f5d6",
   >   "latest"
   > ]
[2024/09/24 14:47:54.234] -    >  eth_getBalance: [
   >   "0x85224b5b5a70be4eb495b51aa40d6a779a5c992e",
   >   "latest"
   > ]
[2024/09/24 14:47:54.238] -    >  eth_getTransactionCount: [
   >   "0x85224b5b5a70be4eb495b51aa40d6a779a5c992e",
   >   "latest"
   > ]
[2024/09/24 14:47:54.241] -    >  eth_getBalance: [
   >   "0x2afe4ada182940be5e4c45639f099d82bd29f0bc",
   >   "latest"
   > ]
[2024/09/24 14:47:54.245] -    >  eth_getTransactionCount: [
   >   "0x2afe4ada182940be5e4c45639f099d82bd29f0bc",
   >   "latest"
   > ]
[2024/09/24 14:47:54.249] -    >  eth_getBalance: [
   >   "0x7930739518076868a046d2119aa624f6bac75d3b",
   >   "latest"
   > ]
[2024/09/24 14:47:54.253] -    >  eth_getTransactionCount: [
   >   "0x7930739518076868a046d2119aa624f6bac75d3b",
   >   "latest"
   > ]
[2024/09/24 14:47:54.256] -    >  eth_getBalance: [
   >   "0xd531ebbb1c227d9b6790b462ea2d8a12154c247e",
   >   "latest"
   > ]
[2024/09/24 14:47:54.260] -    >  eth_getTransactionCount: [
   >   "0xd531ebbb1c227d9b6790b462ea2d8a12154c247e",
   >   "latest"
   > ]
[2024/09/24 14:47:54.264] -    >  eth_getBalance: [
   >   "0xabe2392651f4437b576cb29ddc2bda995c486606",
   >   "latest"
   > ]
[2024/09/24 14:47:54.272] -    >  eth_getTransactionCount: [
   >   "0xabe2392651f4437b576cb29ddc2bda995c486606",
   >   "latest"
   > ]
[2024/09/24 14:47:54.278] -    >  eth_getBalance: [
   >   "0x98c0eb70aa98b5a96a6ea7805412dff93d52fe81",
   >   "latest"
   > ]
[2024/09/24 14:47:54.282] -    >  eth_getTransactionCount: [
   >   "0x98c0eb70aa98b5a96a6ea7805412dff93d52fe81",
   >   "latest"
   > ]
[2024/09/24 14:47:54.286] -    >  eth_getBalance: [
   >   "0xd3e78ae406889ab213c28576de4fc1257b521f54",
   >   "latest"
   > ]
[2024/09/24 14:47:54.292] -    >  eth_getTransactionCount: [
   >   "0xd3e78ae406889ab213c28576de4fc1257b521f54",
   >   "latest"
   > ]
[2024/09/24 14:47:54.296] -    >  eth_getBalance: [
   >   "0xcf22655f39ceb65907b025a537871112fdb0863e",
   >   "latest"
   > ]
[2024/09/24 14:47:54.300] -    >  eth_getTransactionCount: [
   >   "0xcf22655f39ceb65907b025a537871112fdb0863e",
   >   "latest"
   > ]
[2024/09/24 14:47:54.304] -    >  eth_getBalance: [
   >   "0xf981f058334b738f3bbe1824a440218c1b36f43f",
   >   "latest"
   > ]
[2024/09/24 14:47:54.307] -    >  eth_getTransactionCount: [
   >   "0xf981f058334b738f3bbe1824a440218c1b36f43f",
   >   "latest"
   > ]
[2024/09/24 14:47:54.311] -    >  eth_getBalance: [
   >   "0x112ad33090237c06ccebee70d64fc5477f58f5d6",
   >   "latest"
   > ]
[2024/09/24 14:47:54.315] -    >  eth_getTransactionCount: [
   >   "0x112ad33090237c06ccebee70d64fc5477f58f5d6",
   >   "latest"
   > ]
[2024/09/24 14:47:54.318] -    >  eth_getBalance: [
   >   "0x85224b5b5a70be4eb495b51aa40d6a779a5c992e",
   >   "latest"
   > ]
[2024/09/24 14:47:54.324] -    >  eth_getTransactionCount: [
   >   "0x85224b5b5a70be4eb495b51aa40d6a779a5c992e",
   >   "latest"
   > ]
[2024/09/24 14:47:54.328] -    >  eth_getBalance: [
   >   "0x2afe4ada182940be5e4c45639f099d82bd29f0bc",
   >   "latest"
   > ]
[2024/09/24 14:47:54.332] -    >  eth_getTransactionCount: [
   >   "0x2afe4ada182940be5e4c45639f099d82bd29f0bc",
   >   "latest"
   > ]
[2024/09/24 14:47:54.335] -    >  eth_getBalance: [
   >   "0x7930739518076868a046d2119aa624f6bac75d3b",
   >   "latest"
   > ]
[2024/09/24 14:47:54.339] -    >  eth_getTransactionCount: [
   >   "0x7930739518076868a046d2119aa624f6bac75d3b",
   >   "latest"
   > ]
[2024/09/24 14:47:54.343] -    >  eth_getBalance: [
   >   "0xd531ebbb1c227d9b6790b462ea2d8a12154c247e",
   >   "latest"
   > ]
[2024/09/24 14:47:54.347] -    >  eth_getTransactionCount: [
   >   "0xd531ebbb1c227d9b6790b462ea2d8a12154c247e",
   >   "latest"
   > ]
[2024/09/24 14:47:54.350] -    >  eth_getBalance: [
   >   "0xabe2392651f4437b576cb29ddc2bda995c486606",
   >   "latest"
   > ]
[2024/09/24 14:47:54.354] -    >  eth_getTransactionCount: [
   >   "0xabe2392651f4437b576cb29ddc2bda995c486606",
   >   "latest"
   > ]
[2024/09/24 14:47:54.358] -    >  eth_getBalance: [
   >   "0x98c0eb70aa98b5a96a6ea7805412dff93d52fe81",
   >   "latest"
   > ]
[2024/09/24 14:47:54.362] -    >  eth_getTransactionCount: [
   >   "0x98c0eb70aa98b5a96a6ea7805412dff93d52fe81",
   >   "latest"
   > ]
[2024/09/24 14:47:54.365] -    >  eth_getBalance: [
   >   "0xd3e78ae406889ab213c28576de4fc1257b521f54",
   >   "latest"
   > ]
[2024/09/24 14:47:54.371] -    >  eth_getTransactionCount: [
   >   "0xd3e78ae406889ab213c28576de4fc1257b521f54",
   >   "latest"
   > ]
[2024/09/24 14:47:54.377] -    >  eth_getBalance: [
   >   "0xcf22655f39ceb65907b025a537871112fdb0863e",
   >   "latest"
   > ]
[2024/09/24 14:47:54.382] -    >  eth_getTransactionCount: [
   >   "0xcf22655f39ceb65907b025a537871112fdb0863e",
   >   "latest"
   > ]
[2024/09/24 14:47:54.386] -    >  eth_getBalance: [
   >   "0xf981f058334b738f3bbe1824a440218c1b36f43f",
   >   "latest"
   > ]
[2024/09/24 14:47:54.389] -    >  eth_getTransactionCount: [
   >   "0xf981f058334b738f3bbe1824a440218c1b36f43f",
   >   "latest"
   > ]
[2024/09/24 14:48:12.870] -    >  eth_blockNumber: []
[2024/09/24 14:48:32.246] -    >  eth_blockNumber: []
[2024/09/24 14:48:32.270] -    >  net_version: []
[2024/09/24 14:48:32.274] -    >  eth_accounts: []
[2024/09/24 14:48:32.896] -    >  eth_blockNumber: []
[2024/09/24 14:48:40.748] -    >  eth_blockNumber: []
[2024/09/24 14:48:40.771] -    >  net_version: []
[2024/09/24 14:48:40.777] -    >  eth_accounts: []
[2024/09/24 14:48:52.912] -    >  eth_blockNumber: []
[2024/09/24 14:49:12.924] -    >  eth_blockNumber: []
[2024/09/24 14:49:32.369] -    >  eth_unsubscribe: [
   >   "0x3"
   > ]
[2024/09/24 14:49:32.370] -    >  eth_unsubscribe: [
   >   "0x4"
   > ]
