[2024/09/24 14:42:30.592] - Starting server with initial configuration: {"gasLimit":6721975,"gasPrice":20000000000,"hardfork":"merge","hostname":"192.168.1.145","port":7545,"network_id":5777,"default_balance_ether":100,"total_accounts":10,"unlocked_accounts":[],"locked":false,"vmErrorsOnRPCResponse":true,"verbose":true,"flavor":"ethereum","db_path":"C:\\Users\\user\\AppData\\Roaming\\Ganache\\ui\\workspaces\\idiotic-box\\chaindata","mnemonic":"vocal welcome trumpet gravity enact captain save curious rebuild dragon noble shift","logDirectory":"C:\\Xampp\\htdocs\\gov-identity-Dweb\\admin\\blockchain\\audit logs"}
[2024/09/24 14:42:30.794] -    >  eth_subscribe: [
   >   "newHeads"
   > ]
[2024/09/24 14:42:30.795] -    >  eth_getLogs: [
   >   {
   >     "fromBlock": null,
   >     "topics": []
   >   }
   > ]
[2024/09/24 14:42:30.797] -    >  eth_subscribe: [
   >   "logs",
   >   {
   >     "topics": []
   >   }
   > ]
[2024/09/24 14:42:30.920] -    >  eth_subscribe: [
   >   "newHeads"
   > ]
[2024/09/24 14:42:30.921] -    >  eth_getLogs: [
   >   {
   >     "fromBlock": null,
   >     "topics": []
   >   }
   > ]
[2024/09/24 14:42:30.922] -    >  eth_subscribe: [
   >   "logs",
   >   {
   >     "topics": []
   >   }
   > ]
[2024/09/24 14:42:31.009] -    >  eth_blockNumber: []
[2024/09/24 14:42:31.010] -    >  eth_accounts: []
[2024/09/24 14:42:31.010] -    >  eth_gasPrice: []
[2024/09/24 14:42:31.011] -    >  eth_getBlockByNumber: [
   >   "latest",
   >   false
   > ]
[2024/09/24 14:42:31.012] -    >  eth_subscribe: [
   >   "newHeads"
   > ]
[2024/09/24 14:42:31.027] -    >  eth_accounts: []
[2024/09/24 14:42:31.054] -    >  eth_getBalance: [
   >   "0x112ad33090237c06ccebee70d64fc5477f58f5d6",
   >   "latest"
   > ]
[2024/09/24 14:42:31.058] -    >  eth_getTransactionCount: [
   >   "0x112ad33090237c06ccebee70d64fc5477f58f5d6",
   >   "latest"
   > ]
[2024/09/24 14:42:31.065] -    >  eth_getBalance: [
   >   "0x85224b5b5a70be4eb495b51aa40d6a779a5c992e",
   >   "latest"
   > ]
[2024/09/24 14:42:31.072] -    >  eth_getTransactionCount: [
   >   "0x85224b5b5a70be4eb495b51aa40d6a779a5c992e",
   >   "latest"
   > ]
[2024/09/24 14:42:31.078] -    >  eth_getBalance: [
   >   "0x2afe4ada182940be5e4c45639f099d82bd29f0bc",
   >   "latest"
   > ]
[2024/09/24 14:42:31.085] -    >  eth_getTransactionCount: [
   >   "0x2afe4ada182940be5e4c45639f099d82bd29f0bc",
   >   "latest"
   > ]
[2024/09/24 14:42:31.090] -    >  eth_getBalance: [
   >   "0x7930739518076868a046d2119aa624f6bac75d3b",
   >   "latest"
   > ]
[2024/09/24 14:42:31.094] -    >  eth_getTransactionCount: [
   >   "0x7930739518076868a046d2119aa624f6bac75d3b",
   >   "latest"
   > ]
[2024/09/24 14:42:31.101] -    >  eth_getBalance: [
   >   "0xd531ebbb1c227d9b6790b462ea2d8a12154c247e",
   >   "latest"
   > ]
[2024/09/24 14:42:31.106] -    >  eth_getTransactionCount: [
   >   "0xd531ebbb1c227d9b6790b462ea2d8a12154c247e",
   >   "latest"
   > ]
[2024/09/24 14:42:31.110] -    >  eth_getBalance: [
   >   "0xabe2392651f4437b576cb29ddc2bda995c486606",
   >   "latest"
   > ]
[2024/09/24 14:42:31.114] -    >  eth_getTransactionCount: [
   >   "0xabe2392651f4437b576cb29ddc2bda995c486606",
   >   "latest"
   > ]
[2024/09/24 14:42:31.118] -    >  eth_getBalance: [
   >   "0x98c0eb70aa98b5a96a6ea7805412dff93d52fe81",
   >   "latest"
   > ]
[2024/09/24 14:42:31.122] -    >  eth_getTransactionCount: [
   >   "0x98c0eb70aa98b5a96a6ea7805412dff93d52fe81",
   >   "latest"
   > ]
[2024/09/24 14:42:31.127] -    >  eth_getBalance: [
   >   "0xd3e78ae406889ab213c28576de4fc1257b521f54",
   >   "latest"
   > ]
[2024/09/24 14:42:31.132] -    >  eth_getTransactionCount: [
   >   "0xd3e78ae406889ab213c28576de4fc1257b521f54",
   >   "latest"
   > ]
[2024/09/24 14:42:31.137] -    >  eth_getBalance: [
   >   "0xcf22655f39ceb65907b025a537871112fdb0863e",
   >   "latest"
   > ]
[2024/09/24 14:42:31.141] -    >  eth_getTransactionCount: [
   >   "0xcf22655f39ceb65907b025a537871112fdb0863e",
   >   "latest"
   > ]
[2024/09/24 14:42:31.145] -    >  eth_getBalance: [
   >   "0xf981f058334b738f3bbe1824a440218c1b36f43f",
   >   "latest"
   > ]
[2024/09/24 14:42:31.148] -    >  eth_getTransactionCount: [
   >   "0xf981f058334b738f3bbe1824a440218c1b36f43f",
   >   "latest"
   > ]
[2024/09/24 14:42:31.162] -    >  eth_blockNumber: []
[2024/09/24 14:42:31.164] -    >  eth_accounts: []
[2024/09/24 14:42:31.165] -    >  eth_gasPrice: []
[2024/09/24 14:42:31.166] -    >  eth_getBlockByNumber: [
   >   "latest",
   >   false
   > ]
[2024/09/24 14:42:31.167] -    >  eth_subscribe: [
   >   "newHeads"
   > ]
[2024/09/24 14:42:31.195] -    >  eth_getTransactionCount: [
   >   "0x112ad33090237c06ccebee70d64fc5477f58f5d6",
   >   "latest"
   > ]
[2024/09/24 14:42:31.199] -    >  eth_getBalance: [
   >   "0x85224b5b5a70be4eb495b51aa40d6a779a5c992e",
   >   "latest"
   > ]
[2024/09/24 14:42:31.202] -    >  eth_getTransactionCount: [
   >   "0x85224b5b5a70be4eb495b51aa40d6a779a5c992e",
   >   "latest"
   > ]
[2024/09/24 14:42:31.206] -    >  eth_getBalance: [
   >   "0x2afe4ada182940be5e4c45639f099d82bd29f0bc",
   >   "latest"
   > ]
[2024/09/24 14:42:31.210] -    >  eth_getTransactionCount: [
   >   "0x2afe4ada182940be5e4c45639f099d82bd29f0bc",
   >   "latest"
   > ]
[2024/09/24 14:42:31.213] -    >  eth_getBalance: [
   >   "0x7930739518076868a046d2119aa624f6bac75d3b",
   >   "latest"
   > ]
[2024/09/24 14:42:31.217] -    >  eth_getTransactionCount: [
   >   "0x7930739518076868a046d2119aa624f6bac75d3b",
   >   "latest"
   > ]
[2024/09/24 14:42:31.222] -    >  eth_getBalance: [
   >   "0xd531ebbb1c227d9b6790b462ea2d8a12154c247e",
   >   "latest"
   > ]
[2024/09/24 14:42:31.226] -    >  eth_getTransactionCount: [
   >   "0xd531ebbb1c227d9b6790b462ea2d8a12154c247e",
   >   "latest"
   > ]
[2024/09/24 14:42:31.231] -    >  eth_getBalance: [
   >   "0xabe2392651f4437b576cb29ddc2bda995c486606",
   >   "latest"
   > ]
[2024/09/24 14:42:31.236] -    >  eth_getTransactionCount: [
   >   "0xabe2392651f4437b576cb29ddc2bda995c486606",
   >   "latest"
   > ]
[2024/09/24 14:42:31.241] -    >  eth_getBalance: [
   >   "0x98c0eb70aa98b5a96a6ea7805412dff93d52fe81",
   >   "latest"
   > ]
[2024/09/24 14:42:31.246] -    >  eth_getTransactionCount: [
   >   "0x98c0eb70aa98b5a96a6ea7805412dff93d52fe81",
   >   "latest"
   > ]
[2024/09/24 14:42:31.251] -    >  eth_getBalance: [
   >   "0xd3e78ae406889ab213c28576de4fc1257b521f54",
   >   "latest"
   > ]
[2024/09/24 14:42:31.257] -    >  eth_getTransactionCount: [
   >   "0xd3e78ae406889ab213c28576de4fc1257b521f54",
   >   "latest"
   > ]
[2024/09/24 14:42:31.262] -    >  eth_getBalance: [
   >   "0xcf22655f39ceb65907b025a537871112fdb0863e",
   >   "latest"
   > ]
[2024/09/24 14:42:31.266] -    >  eth_getTransactionCount: [
   >   "0xcf22655f39ceb65907b025a537871112fdb0863e",
   >   "latest"
   > ]
[2024/09/24 14:42:31.270] -    >  eth_getBalance: [
   >   "0xf981f058334b738f3bbe1824a440218c1b36f43f",
   >   "latest"
   > ]
[2024/09/24 14:42:31.273] -    >  eth_getTransactionCount: [
   >   "0xf981f058334b738f3bbe1824a440218c1b36f43f",
   >   "latest"
   > ]
[2024/09/24 14:42:31.567] -    >  eth_getBalance: [
   >   "0x112ad33090237c06ccebee70d64fc5477f58f5d6",
   >   "latest"
   > ]
[2024/09/24 14:42:31.573] -    >  eth_getTransactionCount: [
   >   "0x112ad33090237c06ccebee70d64fc5477f58f5d6",
   >   "latest"
   > ]
[2024/09/24 14:42:31.582] -    >  eth_getBalance: [
   >   "0x85224b5b5a70be4eb495b51aa40d6a779a5c992e",
   >   "latest"
   > ]
[2024/09/24 14:42:31.586] -    >  eth_getTransactionCount: [
   >   "0x85224b5b5a70be4eb495b51aa40d6a779a5c992e",
   >   "latest"
   > ]
[2024/09/24 14:42:31.590] -    >  eth_getBalance: [
   >   "0x2afe4ada182940be5e4c45639f099d82bd29f0bc",
   >   "latest"
   > ]
[2024/09/24 14:42:31.594] -    >  eth_getTransactionCount: [
   >   "0x2afe4ada182940be5e4c45639f099d82bd29f0bc",
   >   "latest"
   > ]
[2024/09/24 14:42:31.597] -    >  eth_getBalance: [
   >   "0x7930739518076868a046d2119aa624f6bac75d3b",
   >   "latest"
   > ]
[2024/09/24 14:42:31.602] -    >  eth_getTransactionCount: [
   >   "0x7930739518076868a046d2119aa624f6bac75d3b",
   >   "latest"
   > ]
[2024/09/24 14:42:31.607] -    >  eth_getBalance: [
   >   "0xd531ebbb1c227d9b6790b462ea2d8a12154c247e",
   >   "latest"
   > ]
[2024/09/24 14:42:31.611] -    >  eth_getTransactionCount: [
   >   "0xd531ebbb1c227d9b6790b462ea2d8a12154c247e",
   >   "latest"
   > ]
[2024/09/24 14:42:31.618] -    >  eth_getBalance: [
   >   "0xabe2392651f4437b576cb29ddc2bda995c486606",
   >   "latest"
   > ]
[2024/09/24 14:42:31.623] -    >  eth_getTransactionCount: [
   >   "0xabe2392651f4437b576cb29ddc2bda995c486606",
   >   "latest"
   > ]
[2024/09/24 14:42:31.627] -    >  eth_getBalance: [
   >   "0x98c0eb70aa98b5a96a6ea7805412dff93d52fe81",
   >   "latest"
   > ]
[2024/09/24 14:42:31.631] -    >  eth_getTransactionCount: [
   >   "0x98c0eb70aa98b5a96a6ea7805412dff93d52fe81",
   >   "latest"
   > ]
[2024/09/24 14:42:31.637] -    >  eth_getBalance: [
   >   "0xd3e78ae406889ab213c28576de4fc1257b521f54",
   >   "latest"
   > ]
[2024/09/24 14:42:31.641] -    >  eth_getTransactionCount: [
   >   "0xd3e78ae406889ab213c28576de4fc1257b521f54",
   >   "latest"
   > ]
[2024/09/24 14:42:31.644] -    >  eth_getBalance: [
   >   "0xcf22655f39ceb65907b025a537871112fdb0863e",
   >   "latest"
   > ]
[2024/09/24 14:42:31.649] -    >  eth_getTransactionCount: [
   >   "0xcf22655f39ceb65907b025a537871112fdb0863e",
   >   "latest"
   > ]
[2024/09/24 14:42:31.653] -    >  eth_getBalance: [
   >   "0xf981f058334b738f3bbe1824a440218c1b36f43f",
   >   "latest"
   > ]
[2024/09/24 14:42:31.656] -    >  eth_getTransactionCount: [
   >   "0xf981f058334b738f3bbe1824a440218c1b36f43f",
   >   "latest"
   > ]
[2024/09/24 14:42:31.660] -    >  eth_getBalance: [
   >   "0x112ad33090237c06ccebee70d64fc5477f58f5d6",
   >   "latest"
   > ]
[2024/09/24 14:42:31.665] -    >  eth_getTransactionCount: [
   >   "0x112ad33090237c06ccebee70d64fc5477f58f5d6",
   >   "latest"
   > ]
[2024/09/24 14:42:31.669] -    >  eth_getBalance: [
   >   "0x85224b5b5a70be4eb495b51aa40d6a779a5c992e",
   >   "latest"
   > ]
[2024/09/24 14:42:31.672] -    >  eth_getTransactionCount: [
   >   "0x85224b5b5a70be4eb495b51aa40d6a779a5c992e",
   >   "latest"
   > ]
[2024/09/24 14:42:31.677] -    >  eth_getBalance: [
   >   "0x2afe4ada182940be5e4c45639f099d82bd29f0bc",
   >   "latest"
   > ]
[2024/09/24 14:42:31.681] -    >  eth_getTransactionCount: [
   >   "0x2afe4ada182940be5e4c45639f099d82bd29f0bc",
   >   "latest"
   > ]
[2024/09/24 14:42:31.687] -    >  eth_getBalance: [
   >   "0x7930739518076868a046d2119aa624f6bac75d3b",
   >   "latest"
   > ]
[2024/09/24 14:42:31.691] -    >  eth_getTransactionCount: [
   >   "0x7930739518076868a046d2119aa624f6bac75d3b",
   >   "latest"
   > ]
[2024/09/24 14:42:31.695] -    >  eth_getBalance: [
   >   "0xd531ebbb1c227d9b6790b462ea2d8a12154c247e",
   >   "latest"
   > ]
[2024/09/24 14:42:31.699] -    >  eth_getTransactionCount: [
   >   "0xd531ebbb1c227d9b6790b462ea2d8a12154c247e",
   >   "latest"
   > ]
[2024/09/24 14:42:31.703] -    >  eth_getBalance: [
   >   "0xabe2392651f4437b576cb29ddc2bda995c486606",
   >   "latest"
   > ]
[2024/09/24 14:42:31.708] -    >  eth_getTransactionCount: [
   >   "0xabe2392651f4437b576cb29ddc2bda995c486606",
   >   "latest"
   > ]
[2024/09/24 14:42:31.714] -    >  eth_getBalance: [
   >   "0x98c0eb70aa98b5a96a6ea7805412dff93d52fe81",
   >   "latest"
   > ]
[2024/09/24 14:42:31.719] -    >  eth_getTransactionCount: [
   >   "0x98c0eb70aa98b5a96a6ea7805412dff93d52fe81",
   >   "latest"
   > ]
[2024/09/24 14:42:31.724] -    >  eth_getBalance: [
   >   "0xd3e78ae406889ab213c28576de4fc1257b521f54",
   >   "latest"
   > ]
[2024/09/24 14:42:31.730] -    >  eth_getTransactionCount: [
   >   "0xd3e78ae406889ab213c28576de4fc1257b521f54",
   >   "latest"
   > ]
[2024/09/24 14:42:31.735] -    >  eth_getBalance: [
   >   "0xcf22655f39ceb65907b025a537871112fdb0863e",
   >   "latest"
   > ]
[2024/09/24 14:42:31.742] -    >  eth_getTransactionCount: [
   >   "0xcf22655f39ceb65907b025a537871112fdb0863e",
   >   "latest"
   > ]
[2024/09/24 14:42:31.749] -    >  eth_getBalance: [
   >   "0xf981f058334b738f3bbe1824a440218c1b36f43f",
   >   "latest"
   > ]
[2024/09/24 14:42:31.753] -    >  eth_getTransactionCount: [
   >   "0xf981f058334b738f3bbe1824a440218c1b36f43f",
   >   "latest"
   > ]
[2024/09/24 14:46:50.268] -    >  eth_blockNumber: []
[2024/09/24 14:46:50.287] -    >  net_version: []
[2024/09/24 14:46:50.292] -    >  eth_accounts: []
[2024/09/24 14:47:01.409] -    >  eth_blockNumber: []
[2024/09/24 14:47:01.425] -    >  net_version: []
[2024/09/24 14:47:01.429] -    >  eth_accounts: []
[2024/09/24 14:47:52.518] -    >  eth_unsubscribe: [
   >   "0x3"
   > ]
[2024/09/24 14:47:52.519] -    >  eth_unsubscribe: [
   >   "0x4"
   > ]
